2017-09-14 09:56:14.994  INFO 8172 --- [main] t.s.SpringBootWebappApplication          : Starting SpringBootWebappApplication on DESKTOP-BRP9O7H with PID 8172 (C:\Users\tom\IdeaProjects\SpringBootWebApp\target\classes started by tom in C:\Users\tom\IdeaProjects\SpringBootWebApp)
2017-09-14 09:56:14.994  INFO 8172 --- [main] t.s.SpringBootWebappApplication          : The following profiles are active: springdatajpa
2017-09-14 09:56:15.056  INFO 8172 --- [main] ationConfigEmbeddedWebApplicationContext : Refreshing org.springframework.boot.context.embedded.AnnotationConfigEmbeddedWebApplicationContext@13d73f29: startup date [Thu Sep 14 09:56:15 CST 2017]; root of context hierarchy
2017-09-14 09:56:16.072  INFO 8172 --- [main] trationDelegate$BeanPostProcessorChecker : Bean 'org.springframework.transaction.annotation.ProxyTransactionManagementConfiguration' of type [org.springframework.transaction.annotation.ProxyTransactionManagementConfiguration$$EnhancerBySpringCGLIB$$30992046] is not eligible for getting processed by all BeanPostProcessors (for example: not eligible for auto-proxying)
2017-09-14 09:56:16.103  INFO 8172 --- [main] trationDelegate$BeanPostProcessorChecker : Bean 'shiroConfig' of type [tom.springboot.springbootwebapp.configrations.ShiroConfig$$EnhancerBySpringCGLIB$$53a0558f] is not eligible for getting processed by all BeanPostProcessors (for example: not eligible for auto-proxying)
2017-09-14 09:56:16.416  INFO 8172 --- [main] trationDelegate$BeanPostProcessorChecker : Bean '(inner bean)#7158daf2' of type [org.springframework.beans.factory.config.PropertiesFactoryBean] is not eligible for getting processed by all BeanPostProcessors (for example: not eligible for auto-proxying)
2017-09-14 09:56:16.416  INFO 8172 --- [main] trationDelegate$BeanPostProcessorChecker : Bean '(inner bean)#7158daf2' of type [java.util.Properties] is not eligible for getting processed by all BeanPostProcessors (for example: not eligible for auto-proxying)
2017-09-14 09:56:16.416  INFO 8172 --- [main] trationDelegate$BeanPostProcessorChecker : Bean '(inner bean)#2ab0702e' of type [org.springframework.data.repository.core.support.PropertiesBasedNamedQueries] is not eligible for getting processed by all BeanPostProcessors (for example: not eligible for auto-proxying)
2017-09-14 09:56:16.435  INFO 8172 --- [main] trationDelegate$BeanPostProcessorChecker : Bean '(inner bean)#42714a7' of type [org.springframework.data.repository.query.ExtensionAwareEvaluationContextProvider] is not eligible for getting processed by all BeanPostProcessors (for example: not eligible for auto-proxying)
2017-09-14 09:56:16.439  INFO 8172 --- [main] trationDelegate$BeanPostProcessorChecker : Bean 'org.springframework.boot.autoconfigure.jdbc.DataSourceConfiguration$Tomcat' of type [org.springframework.boot.autoconfigure.jdbc.DataSourceConfiguration$Tomcat] is not eligible for getting processed by all BeanPostProcessors (for example: not eligible for auto-proxying)
2017-09-14 09:56:16.457  INFO 8172 --- [main] trationDelegate$BeanPostProcessorChecker : Bean 'spring.datasource-org.springframework.boot.autoconfigure.jdbc.DataSourceProperties' of type [org.springframework.boot.autoconfigure.jdbc.DataSourceProperties] is not eligible for getting processed by all BeanPostProcessors (for example: not eligible for auto-proxying)
2017-09-14 09:56:16.556  INFO 8172 --- [main] trationDelegate$BeanPostProcessorChecker : Bean 'dataSource' of type [org.apache.tomcat.jdbc.pool.DataSource] is not eligible for getting processed by all BeanPostProcessors (for example: not eligible for auto-proxying)
2017-09-14 09:56:16.556  INFO 8172 --- [main] trationDelegate$BeanPostProcessorChecker : Bean 'org.springframework.boot.autoconfigure.jdbc.DataSourceAutoConfiguration' of type [org.springframework.boot.autoconfigure.jdbc.DataSourceAutoConfiguration$$EnhancerBySpringCGLIB$$128cc3a6] is not eligible for getting processed by all BeanPostProcessors (for example: not eligible for auto-proxying)
2017-09-14 09:56:16.572  INFO 8172 --- [main] trationDelegate$BeanPostProcessorChecker : Bean 'dataSourceInitializer' of type [org.springframework.boot.autoconfigure.jdbc.DataSourceInitializer] is not eligible for getting processed by all BeanPostProcessors (for example: not eligible for auto-proxying)
2017-09-14 09:56:16.572  INFO 8172 --- [main] trationDelegate$BeanPostProcessorChecker : Bean 'spring.jpa-org.springframework.boot.autoconfigure.orm.jpa.JpaProperties' of type [org.springframework.boot.autoconfigure.orm.jpa.JpaProperties] is not eligible for getting processed by all BeanPostProcessors (for example: not eligible for auto-proxying)
2017-09-14 09:56:16.572  INFO 8172 --- [main] trationDelegate$BeanPostProcessorChecker : Bean 'org.springframework.boot.autoconfigure.transaction.TransactionAutoConfiguration' of type [org.springframework.boot.autoconfigure.transaction.TransactionAutoConfiguration$$EnhancerBySpringCGLIB$$c50d1b50] is not eligible for getting processed by all BeanPostProcessors (for example: not eligible for auto-proxying)
2017-09-14 09:56:16.588  INFO 8172 --- [main] trationDelegate$BeanPostProcessorChecker : Bean 'spring.transaction-org.springframework.boot.autoconfigure.transaction.TransactionProperties' of type [org.springframework.boot.autoconfigure.transaction.TransactionProperties] is not eligible for getting processed by all BeanPostProcessors (for example: not eligible for auto-proxying)
2017-09-14 09:56:16.588  INFO 8172 --- [main] trationDelegate$BeanPostProcessorChecker : Bean 'platformTransactionManagerCustomizers' of type [org.springframework.boot.autoconfigure.transaction.TransactionManagerCustomizers] is not eligible for getting processed by all BeanPostProcessors (for example: not eligible for auto-proxying)
2017-09-14 09:56:16.603  INFO 8172 --- [main] trationDelegate$BeanPostProcessorChecker : Bean 'org.springframework.boot.autoconfigure.orm.jpa.HibernateJpaAutoConfiguration' of type [org.springframework.boot.autoconfigure.orm.jpa.HibernateJpaAutoConfiguration$$EnhancerBySpringCGLIB$$9a1f8466] is not eligible for getting processed by all BeanPostProcessors (for example: not eligible for auto-proxying)
2017-09-14 09:56:16.697  INFO 8172 --- [main] trationDelegate$BeanPostProcessorChecker : Bean 'jpaVendorAdapter' of type [org.springframework.orm.jpa.vendor.HibernateJpaVendorAdapter] is not eligible for getting processed by all BeanPostProcessors (for example: not eligible for auto-proxying)
2017-09-14 09:56:16.713  INFO 8172 --- [main] trationDelegate$BeanPostProcessorChecker : Bean 'entityManagerFactoryBuilder' of type [org.springframework.boot.orm.jpa.EntityManagerFactoryBuilder] is not eligible for getting processed by all BeanPostProcessors (for example: not eligible for auto-proxying)
2017-09-14 09:56:16.744  INFO 8172 --- [main] j.LocalContainerEntityManagerFactoryBean : Building JPA container EntityManagerFactory for persistence unit 'default'
2017-09-14 09:56:17.470  INFO 8172 --- [main] j.LocalContainerEntityManagerFactoryBean : Initialized JPA EntityManagerFactory for persistence unit 'default'
2017-09-14 09:56:17.473  INFO 8172 --- [main] trationDelegate$BeanPostProcessorChecker : Bean 'entityManagerFactory' of type [org.springframework.orm.jpa.LocalContainerEntityManagerFactoryBean] is not eligible for getting processed by all BeanPostProcessors (for example: not eligible for auto-proxying)
2017-09-14 09:56:17.475  INFO 8172 --- [main] trationDelegate$BeanPostProcessorChecker : Bean 'entityManagerFactory' of type [com.sun.proxy.$Proxy76] is not eligible for getting processed by all BeanPostProcessors (for example: not eligible for auto-proxying)
2017-09-14 09:56:17.485  INFO 8172 --- [main] trationDelegate$BeanPostProcessorChecker : Bean '(inner bean)#53ed09e8' of type [com.sun.proxy.$Proxy78] is not eligible for getting processed by all BeanPostProcessors (for example: not eligible for auto-proxying)
2017-09-14 09:56:17.525  INFO 8172 --- [main] trationDelegate$BeanPostProcessorChecker : Bean 'jpaMappingContext' of type [org.springframework.data.jpa.repository.config.JpaMetamodelMappingContextFactoryBean] is not eligible for getting processed by all BeanPostProcessors (for example: not eligible for auto-proxying)
2017-09-14 09:56:17.525  INFO 8172 --- [main] trationDelegate$BeanPostProcessorChecker : Bean 'jpaMappingContext' of type [org.springframework.data.jpa.mapping.JpaMetamodelMappingContext] is not eligible for getting processed by all BeanPostProcessors (for example: not eligible for auto-proxying)
2017-09-14 09:56:17.691  INFO 8172 --- [main] trationDelegate$BeanPostProcessorChecker : Bean 'userRepository' of type [org.springframework.data.jpa.repository.support.JpaRepositoryFactoryBean] is not eligible for getting processed by all BeanPostProcessors (for example: not eligible for auto-proxying)
2017-09-14 09:56:17.691  INFO 8172 --- [main] trationDelegate$BeanPostProcessorChecker : Bean 'userRepository' of type [com.sun.proxy.$Proxy81] is not eligible for getting processed by all BeanPostProcessors (for example: not eligible for auto-proxying)
2017-09-14 09:56:17.691  INFO 8172 --- [main] trationDelegate$BeanPostProcessorChecker : Bean 'userServiceImpl' of type [tom.springboot.springbootwebapp.services.UserServiceImpl] is not eligible for getting processed by all BeanPostProcessors (for example: not eligible for auto-proxying)
2017-09-14 09:56:17.707  INFO 8172 --- [main] trationDelegate$BeanPostProcessorChecker : Bean '(inner bean)#2dd8a273' of type [org.springframework.beans.factory.config.PropertiesFactoryBean] is not eligible for getting processed by all BeanPostProcessors (for example: not eligible for auto-proxying)
2017-09-14 09:56:17.707  INFO 8172 --- [main] trationDelegate$BeanPostProcessorChecker : Bean '(inner bean)#2dd8a273' of type [java.util.Properties] is not eligible for getting processed by all BeanPostProcessors (for example: not eligible for auto-proxying)
2017-09-14 09:56:17.722  INFO 8172 --- [main] trationDelegate$BeanPostProcessorChecker : Bean '(inner bean)#5bd3ca3c' of type [org.springframework.data.repository.core.support.PropertiesBasedNamedQueries] is not eligible for getting processed by all BeanPostProcessors (for example: not eligible for auto-proxying)
2017-09-14 09:56:17.722  INFO 8172 --- [main] trationDelegate$BeanPostProcessorChecker : Bean '(inner bean)#7b8b07ae' of type [org.springframework.data.repository.query.ExtensionAwareEvaluationContextProvider] is not eligible for getting processed by all BeanPostProcessors (for example: not eligible for auto-proxying)
2017-09-14 09:56:17.722  INFO 8172 --- [main] trationDelegate$BeanPostProcessorChecker : Bean '(inner bean)#351d93bd' of type [com.sun.proxy.$Proxy78] is not eligible for getting processed by all BeanPostProcessors (for example: not eligible for auto-proxying)
2017-09-14 09:56:17.722  INFO 8172 --- [main] trationDelegate$BeanPostProcessorChecker : Bean 'roleRepository' of type [org.springframework.data.jpa.repository.support.JpaRepositoryFactoryBean] is not eligible for getting processed by all BeanPostProcessors (for example: not eligible for auto-proxying)
2017-09-14 09:56:17.722  INFO 8172 --- [main] trationDelegate$BeanPostProcessorChecker : Bean 'roleRepository' of type [com.sun.proxy.$Proxy84] is not eligible for getting processed by all BeanPostProcessors (for example: not eligible for auto-proxying)
2017-09-14 09:56:17.722  INFO 8172 --- [main] trationDelegate$BeanPostProcessorChecker : Bean 'roleServiceImpl' of type [tom.springboot.springbootwebapp.services.RoleServiceImpl] is not eligible for getting processed by all BeanPostProcessors (for example: not eligible for auto-proxying)
2017-09-14 09:56:17.722  INFO 8172 --- [main] trationDelegate$BeanPostProcessorChecker : Bean 'myShiroRealm' of type [tom.springboot.springbootwebapp.configrations.MyShiroRealm] is not eligible for getting processed by all BeanPostProcessors (for example: not eligible for auto-proxying)
2017-09-14 09:56:17.738  INFO 8172 --- [main] trationDelegate$BeanPostProcessorChecker : Bean 'securityManager' of type [org.apache.shiro.web.mgt.DefaultWebSecurityManager] is not eligible for getting processed by all BeanPostProcessors (for example: not eligible for auto-proxying)
2017-09-14 09:56:17.754  INFO 8172 --- [main] trationDelegate$BeanPostProcessorChecker : Bean 'authorizationAttributeSourceAdvisor' of type [org.apache.shiro.spring.security.interceptor.AuthorizationAttributeSourceAdvisor] is not eligible for getting processed by all BeanPostProcessors (for example: not eligible for auto-proxying)
2017-09-14 09:56:18.010  INFO 8172 --- [main] s.b.c.e.t.TomcatEmbeddedServletContainer : Tomcat initialized with port(s): 8080 (http)
2017-09-14 09:56:18.025  INFO 8172 --- [main] o.apache.catalina.core.StandardService   : Starting service [Tomcat]
2017-09-14 09:56:18.025  INFO 8172 --- [main] org.apache.catalina.core.StandardEngine  : Starting Servlet Engine: Apache Tomcat/8.5.16
2017-09-14 09:56:18.150  INFO 8172 --- [localhost-startStop-1] o.a.c.c.C.[Tomcat].[localhost].[/]       : Initializing Spring embedded WebApplicationContext
2017-09-14 09:56:18.150  INFO 8172 --- [localhost-startStop-1] o.s.web.context.ContextLoader            : Root WebApplicationContext: initialization completed in 3094 ms
2017-09-14 09:56:18.385  INFO 8172 --- [localhost-startStop-1] o.s.b.w.servlet.ServletRegistrationBean  : Mapping servlet: 'webServlet' to [/console/*]
2017-09-14 09:56:18.385  INFO 8172 --- [localhost-startStop-1] o.s.b.w.servlet.ServletRegistrationBean  : Mapping servlet: 'dispatcherServlet' to [/]
2017-09-14 09:56:18.385  INFO 8172 --- [localhost-startStop-1] o.s.b.w.servlet.FilterRegistrationBean   : Mapping filter: 'characterEncodingFilter' to: [/*]
2017-09-14 09:56:18.385  INFO 8172 --- [localhost-startStop-1] o.s.b.w.servlet.FilterRegistrationBean   : Mapping filter: 'hiddenHttpMethodFilter' to: [/*]
2017-09-14 09:56:18.385  INFO 8172 --- [localhost-startStop-1] o.s.b.w.servlet.FilterRegistrationBean   : Mapping filter: 'httpPutFormContentFilter' to: [/*]
2017-09-14 09:56:18.385  INFO 8172 --- [localhost-startStop-1] o.s.b.w.servlet.FilterRegistrationBean   : Mapping filter: 'requestContextFilter' to: [/*]
2017-09-14 09:56:18.385  INFO 8172 --- [localhost-startStop-1] o.s.b.w.servlet.FilterRegistrationBean   : Mapping filter: 'shirFilter' to: [/*]
2017-09-14 09:56:19.025  INFO 8172 --- [main] s.w.s.m.m.a.RequestMappingHandlerAdapter : Looking for @ControllerAdvice: org.springframework.boot.context.embedded.AnnotationConfigEmbeddedWebApplicationContext@13d73f29: startup date [Thu Sep 14 09:56:15 CST 2017]; root of context hierarchy
2017-09-14 09:56:19.135  INFO 8172 --- [main] s.w.s.m.m.a.RequestMappingHandlerMapping : Mapped "{[/]}" onto java.lang.String tom.springboot.springbootwebapp.controllers.IndexController.index()
2017-09-14 09:56:19.135  INFO 8172 --- [main] s.w.s.m.m.a.RequestMappingHandlerMapping : Mapped "{[/product/delete/{id}]}" onto public java.lang.String tom.springboot.springbootwebapp.controllers.ProductController.delete(java.lang.Integer)
2017-09-14 09:56:19.135  INFO 8172 --- [main] s.w.s.m.m.a.RequestMappingHandlerMapping : Mapped "{[/products],methods=[GET]}" onto public java.lang.String tom.springboot.springbootwebapp.controllers.ProductController.list(org.springframework.ui.Model)
2017-09-14 09:56:19.135  INFO 8172 --- [main] s.w.s.m.m.a.RequestMappingHandlerMapping : Mapped "{[/product/{id}]}" onto public java.lang.String tom.springboot.springbootwebapp.controllers.ProductController.showProduct(java.lang.Integer,org.springframework.ui.Model)
2017-09-14 09:56:19.135  INFO 8172 --- [main] s.w.s.m.m.a.RequestMappingHandlerMapping : Mapped "{[/product/edit/{id}]}" onto public java.lang.String tom.springboot.springbootwebapp.controllers.ProductController.edit(java.lang.Integer,org.springframework.ui.Model)
2017-09-14 09:56:19.135  INFO 8172 --- [main] s.w.s.m.m.a.RequestMappingHandlerMapping : Mapped "{[/product/new]}" onto public java.lang.String tom.springboot.springbootwebapp.controllers.ProductController.newProduct(org.springframework.ui.Model)
2017-09-14 09:56:19.135  INFO 8172 --- [main] s.w.s.m.m.a.RequestMappingHandlerMapping : Mapped "{[/product],methods=[POST]}" onto public java.lang.String tom.springboot.springbootwebapp.controllers.ProductController.saveProduct(tom.springboot.springbootwebapp.domain.Product)
2017-09-14 09:56:19.135  INFO 8172 --- [main] s.w.s.m.m.a.RequestMappingHandlerMapping : Mapped "{[/login],methods=[POST]}" onto public java.lang.String tom.springboot.springbootwebapp.controllers.ProductController.login(javax.servlet.http.HttpServletRequest) throws java.lang.Exception
2017-09-14 09:56:19.150  INFO 8172 --- [main] s.w.s.m.m.a.RequestMappingHandlerMapping : Mapped "{[/login],methods=[GET]}" onto public java.lang.String tom.springboot.springbootwebapp.controllers.ProductController.login()
2017-09-14 09:56:19.150  INFO 8172 --- [main] s.w.s.m.m.a.RequestMappingHandlerMapping : Mapped "{[/error]}" onto public org.springframework.http.ResponseEntity<java.util.Map<java.lang.String, java.lang.Object>> org.springframework.boot.autoconfigure.web.BasicErrorController.error(javax.servlet.http.HttpServletRequest)
2017-09-14 09:56:19.150  INFO 8172 --- [main] s.w.s.m.m.a.RequestMappingHandlerMapping : Mapped "{[/error],produces=[text/html]}" onto public org.springframework.web.servlet.ModelAndView org.springframework.boot.autoconfigure.web.BasicErrorController.errorHtml(javax.servlet.http.HttpServletRequest,javax.servlet.http.HttpServletResponse)
2017-09-14 09:56:19.229  INFO 8172 --- [main] o.s.w.s.handler.SimpleUrlHandlerMapping  : Mapped URL path [/webjars/**] onto handler of type [class org.springframework.web.servlet.resource.ResourceHttpRequestHandler]
2017-09-14 09:56:19.229  INFO 8172 --- [main] o.s.w.s.handler.SimpleUrlHandlerMapping  : Mapped URL path [/**] onto handler of type [class org.springframework.web.servlet.resource.ResourceHttpRequestHandler]
2017-09-14 09:56:19.338  INFO 8172 --- [main] o.s.w.s.handler.SimpleUrlHandlerMapping  : Mapped URL path [/**/favicon.ico] onto handler of type [class org.springframework.web.servlet.resource.ResourceHttpRequestHandler]
2017-09-14 09:56:19.450  WARN 8172 --- [main] org.thymeleaf.templatemode.TemplateMode  : [THYMELEAF][main] Template Mode 'HTML5' is deprecated. Using Template Mode 'HTML' instead.
2017-09-14 09:56:19.932  INFO 8172 --- [main] o.s.j.e.a.AnnotationMBeanExporter        : Registering beans for JMX exposure on startup
2017-09-14 09:56:19.987  INFO 8172 --- [main] t.s.s.bootstrap.SpringJpaBootstrap       : Saved Shirt - id: 1
2017-09-14 09:56:19.989  INFO 8172 --- [main] t.s.s.bootstrap.SpringJpaBootstrap       : Saved Mug - id:2
2017-09-14 09:56:19.994  INFO 8172 --- [main] t.s.s.bootstrap.SpringJpaBootstrap       : Saved roleuser
2017-09-14 09:56:19.994  INFO 8172 --- [main] t.s.s.bootstrap.SpringJpaBootstrap       : Saved roleadmin
2017-09-14 09:56:19.994  INFO 8172 --- [main] t.s.s.bootstrap.SpringJpaBootstrap       : Saved permissionuser
2017-09-14 09:56:20.010  INFO 8172 --- [main] t.s.s.bootstrap.SpringJpaBootstrap       : Saved permissionadmin
2017-09-14 09:56:20.135  INFO 8172 --- [main] s.b.c.e.t.TomcatEmbeddedServletContainer : Tomcat started on port(s): 8080 (http)
2017-09-14 09:56:20.135  INFO 8172 --- [main] t.s.SpringBootWebappApplication          : Started SpringBootWebappApplication in 5.423 seconds (JVM running for 6.094)
2017-09-14 09:57:50.257  INFO 15752 --- [main] t.s.SpringBootWebappApplication          : Starting SpringBootWebappApplication on DESKTOP-BRP9O7H with PID 15752 (C:\Users\tom\IdeaProjects\SpringBootWebApp\target\classes started by tom in C:\Users\tom\IdeaProjects\SpringBootWebApp)
2017-09-14 09:57:50.257  INFO 15752 --- [main] t.s.SpringBootWebappApplication          : The following profiles are active: springdatajpa
2017-09-14 09:57:50.319  INFO 15752 --- [main] ationConfigEmbeddedWebApplicationContext : Refreshing org.springframework.boot.context.embedded.AnnotationConfigEmbeddedWebApplicationContext@13d73f29: startup date [Thu Sep 14 09:57:50 CST 2017]; root of context hierarchy
2017-09-14 09:57:51.287  INFO 15752 --- [main] trationDelegate$BeanPostProcessorChecker : Bean 'org.springframework.transaction.annotation.ProxyTransactionManagementConfiguration' of type [org.springframework.transaction.annotation.ProxyTransactionManagementConfiguration$$EnhancerBySpringCGLIB$$2695c8f7] is not eligible for getting processed by all BeanPostProcessors (for example: not eligible for auto-proxying)
2017-09-14 09:57:51.318  INFO 15752 --- [main] trationDelegate$BeanPostProcessorChecker : Bean 'shiroConfig' of type [tom.springboot.springbootwebapp.configrations.ShiroConfig$$EnhancerBySpringCGLIB$$499cfe40] is not eligible for getting processed by all BeanPostProcessors (for example: not eligible for auto-proxying)
2017-09-14 09:57:51.630  INFO 15752 --- [main] trationDelegate$BeanPostProcessorChecker : Bean '(inner bean)#35267fd4' of type [org.springframework.beans.factory.config.PropertiesFactoryBean] is not eligible for getting processed by all BeanPostProcessors (for example: not eligible for auto-proxying)
2017-09-14 09:57:51.630  INFO 15752 --- [main] trationDelegate$BeanPostProcessorChecker : Bean '(inner bean)#35267fd4' of type [java.util.Properties] is not eligible for getting processed by all BeanPostProcessors (for example: not eligible for auto-proxying)
2017-09-14 09:57:51.630  INFO 15752 --- [main] trationDelegate$BeanPostProcessorChecker : Bean '(inner bean)#4af70944' of type [org.springframework.data.repository.core.support.PropertiesBasedNamedQueries] is not eligible for getting processed by all BeanPostProcessors (for example: not eligible for auto-proxying)
2017-09-14 09:57:51.646  INFO 15752 --- [main] trationDelegate$BeanPostProcessorChecker : Bean '(inner bean)#7c36db44' of type [org.springframework.data.repository.query.ExtensionAwareEvaluationContextProvider] is not eligible for getting processed by all BeanPostProcessors (for example: not eligible for auto-proxying)
2017-09-14 09:57:51.646  INFO 15752 --- [main] trationDelegate$BeanPostProcessorChecker : Bean 'org.springframework.boot.autoconfigure.jdbc.DataSourceConfiguration$Tomcat' of type [org.springframework.boot.autoconfigure.jdbc.DataSourceConfiguration$Tomcat] is not eligible for getting processed by all BeanPostProcessors (for example: not eligible for auto-proxying)
2017-09-14 09:57:51.662  INFO 15752 --- [main] trationDelegate$BeanPostProcessorChecker : Bean 'spring.datasource-org.springframework.boot.autoconfigure.jdbc.DataSourceProperties' of type [org.springframework.boot.autoconfigure.jdbc.DataSourceProperties] is not eligible for getting processed by all BeanPostProcessors (for example: not eligible for auto-proxying)
2017-09-14 09:57:51.771  INFO 15752 --- [main] trationDelegate$BeanPostProcessorChecker : Bean 'dataSource' of type [org.apache.tomcat.jdbc.pool.DataSource] is not eligible for getting processed by all BeanPostProcessors (for example: not eligible for auto-proxying)
2017-09-14 09:57:51.771  INFO 15752 --- [main] trationDelegate$BeanPostProcessorChecker : Bean 'org.springframework.boot.autoconfigure.jdbc.DataSourceAutoConfiguration' of type [org.springframework.boot.autoconfigure.jdbc.DataSourceAutoConfiguration$$EnhancerBySpringCGLIB$$8896c57] is not eligible for getting processed by all BeanPostProcessors (for example: not eligible for auto-proxying)
2017-09-14 09:57:51.787  INFO 15752 --- [main] trationDelegate$BeanPostProcessorChecker : Bean 'dataSourceInitializer' of type [org.springframework.boot.autoconfigure.jdbc.DataSourceInitializer] is not eligible for getting processed by all BeanPostProcessors (for example: not eligible for auto-proxying)
2017-09-14 09:57:51.787  INFO 15752 --- [main] trationDelegate$BeanPostProcessorChecker : Bean 'spring.jpa-org.springframework.boot.autoconfigure.orm.jpa.JpaProperties' of type [org.springframework.boot.autoconfigure.orm.jpa.JpaProperties] is not eligible for getting processed by all BeanPostProcessors (for example: not eligible for auto-proxying)
2017-09-14 09:57:51.787  INFO 15752 --- [main] trationDelegate$BeanPostProcessorChecker : Bean 'org.springframework.boot.autoconfigure.transaction.TransactionAutoConfiguration' of type [org.springframework.boot.autoconfigure.transaction.TransactionAutoConfiguration$$EnhancerBySpringCGLIB$$bb09c401] is not eligible for getting processed by all BeanPostProcessors (for example: not eligible for auto-proxying)
2017-09-14 09:57:51.802  INFO 15752 --- [main] trationDelegate$BeanPostProcessorChecker : Bean 'spring.transaction-org.springframework.boot.autoconfigure.transaction.TransactionProperties' of type [org.springframework.boot.autoconfigure.transaction.TransactionProperties] is not eligible for getting processed by all BeanPostProcessors (for example: not eligible for auto-proxying)
2017-09-14 09:57:51.802  INFO 15752 --- [main] trationDelegate$BeanPostProcessorChecker : Bean 'platformTransactionManagerCustomizers' of type [org.springframework.boot.autoconfigure.transaction.TransactionManagerCustomizers] is not eligible for getting processed by all BeanPostProcessors (for example: not eligible for auto-proxying)
2017-09-14 09:57:51.818  INFO 15752 --- [main] trationDelegate$BeanPostProcessorChecker : Bean 'org.springframework.boot.autoconfigure.orm.jpa.HibernateJpaAutoConfiguration' of type [org.springframework.boot.autoconfigure.orm.jpa.HibernateJpaAutoConfiguration$$EnhancerBySpringCGLIB$$901c2d17] is not eligible for getting processed by all BeanPostProcessors (for example: not eligible for auto-proxying)
2017-09-14 09:57:51.927  INFO 15752 --- [main] trationDelegate$BeanPostProcessorChecker : Bean 'jpaVendorAdapter' of type [org.springframework.orm.jpa.vendor.HibernateJpaVendorAdapter] is not eligible for getting processed by all BeanPostProcessors (for example: not eligible for auto-proxying)
2017-09-14 09:57:51.927  INFO 15752 --- [main] trationDelegate$BeanPostProcessorChecker : Bean 'entityManagerFactoryBuilder' of type [org.springframework.boot.orm.jpa.EntityManagerFactoryBuilder] is not eligible for getting processed by all BeanPostProcessors (for example: not eligible for auto-proxying)
2017-09-14 09:57:51.958  INFO 15752 --- [main] j.LocalContainerEntityManagerFactoryBean : Building JPA container EntityManagerFactory for persistence unit 'default'
2017-09-14 09:57:52.684  INFO 15752 --- [main] j.LocalContainerEntityManagerFactoryBean : Initialized JPA EntityManagerFactory for persistence unit 'default'
2017-09-14 09:57:52.687  INFO 15752 --- [main] trationDelegate$BeanPostProcessorChecker : Bean 'entityManagerFactory' of type [org.springframework.orm.jpa.LocalContainerEntityManagerFactoryBean] is not eligible for getting processed by all BeanPostProcessors (for example: not eligible for auto-proxying)
2017-09-14 09:57:52.688  INFO 15752 --- [main] trationDelegate$BeanPostProcessorChecker : Bean 'entityManagerFactory' of type [com.sun.proxy.$Proxy76] is not eligible for getting processed by all BeanPostProcessors (for example: not eligible for auto-proxying)
2017-09-14 09:57:52.698  INFO 15752 --- [main] trationDelegate$BeanPostProcessorChecker : Bean '(inner bean)#65a48602' of type [com.sun.proxy.$Proxy78] is not eligible for getting processed by all BeanPostProcessors (for example: not eligible for auto-proxying)
2017-09-14 09:57:52.740  INFO 15752 --- [main] trationDelegate$BeanPostProcessorChecker : Bean 'jpaMappingContext' of type [org.springframework.data.jpa.repository.config.JpaMetamodelMappingContextFactoryBean] is not eligible for getting processed by all BeanPostProcessors (for example: not eligible for auto-proxying)
2017-09-14 09:57:52.740  INFO 15752 --- [main] trationDelegate$BeanPostProcessorChecker : Bean 'jpaMappingContext' of type [org.springframework.data.jpa.mapping.JpaMetamodelMappingContext] is not eligible for getting processed by all BeanPostProcessors (for example: not eligible for auto-proxying)
2017-09-14 09:57:52.896  INFO 15752 --- [main] trationDelegate$BeanPostProcessorChecker : Bean 'userRepository' of type [org.springframework.data.jpa.repository.support.JpaRepositoryFactoryBean] is not eligible for getting processed by all BeanPostProcessors (for example: not eligible for auto-proxying)
2017-09-14 09:57:52.896  INFO 15752 --- [main] trationDelegate$BeanPostProcessorChecker : Bean 'userRepository' of type [com.sun.proxy.$Proxy81] is not eligible for getting processed by all BeanPostProcessors (for example: not eligible for auto-proxying)
2017-09-14 09:57:52.896  INFO 15752 --- [main] trationDelegate$BeanPostProcessorChecker : Bean 'userServiceImpl' of type [tom.springboot.springbootwebapp.services.UserServiceImpl] is not eligible for getting processed by all BeanPostProcessors (for example: not eligible for auto-proxying)
2017-09-14 09:57:52.927  INFO 15752 --- [main] trationDelegate$BeanPostProcessorChecker : Bean '(inner bean)#1a819901' of type [org.springframework.beans.factory.config.PropertiesFactoryBean] is not eligible for getting processed by all BeanPostProcessors (for example: not eligible for auto-proxying)
2017-09-14 09:57:52.927  INFO 15752 --- [main] trationDelegate$BeanPostProcessorChecker : Bean '(inner bean)#1a819901' of type [java.util.Properties] is not eligible for getting processed by all BeanPostProcessors (for example: not eligible for auto-proxying)
2017-09-14 09:57:52.927  INFO 15752 --- [main] trationDelegate$BeanPostProcessorChecker : Bean '(inner bean)#4e9e0c6' of type [org.springframework.data.repository.core.support.PropertiesBasedNamedQueries] is not eligible for getting processed by all BeanPostProcessors (for example: not eligible for auto-proxying)
2017-09-14 09:57:52.927  INFO 15752 --- [main] trationDelegate$BeanPostProcessorChecker : Bean '(inner bean)#5342eec5' of type [org.springframework.data.repository.query.ExtensionAwareEvaluationContextProvider] is not eligible for getting processed by all BeanPostProcessors (for example: not eligible for auto-proxying)
2017-09-14 09:57:52.927  INFO 15752 --- [main] trationDelegate$BeanPostProcessorChecker : Bean '(inner bean)#261a66b8' of type [com.sun.proxy.$Proxy78] is not eligible for getting processed by all BeanPostProcessors (for example: not eligible for auto-proxying)
2017-09-14 09:57:52.927  INFO 15752 --- [main] trationDelegate$BeanPostProcessorChecker : Bean 'roleRepository' of type [org.springframework.data.jpa.repository.support.JpaRepositoryFactoryBean] is not eligible for getting processed by all BeanPostProcessors (for example: not eligible for auto-proxying)
2017-09-14 09:57:52.943  INFO 15752 --- [main] trationDelegate$BeanPostProcessorChecker : Bean 'roleRepository' of type [com.sun.proxy.$Proxy84] is not eligible for getting processed by all BeanPostProcessors (for example: not eligible for auto-proxying)
2017-09-14 09:57:52.943  INFO 15752 --- [main] trationDelegate$BeanPostProcessorChecker : Bean 'roleServiceImpl' of type [tom.springboot.springbootwebapp.services.RoleServiceImpl] is not eligible for getting processed by all BeanPostProcessors (for example: not eligible for auto-proxying)
2017-09-14 09:57:52.943  INFO 15752 --- [main] trationDelegate$BeanPostProcessorChecker : Bean 'myShiroRealm' of type [tom.springboot.springbootwebapp.configrations.MyShiroRealm] is not eligible for getting processed by all BeanPostProcessors (for example: not eligible for auto-proxying)
2017-09-14 09:57:52.943  INFO 15752 --- [main] trationDelegate$BeanPostProcessorChecker : Bean 'securityManager' of type [org.apache.shiro.web.mgt.DefaultWebSecurityManager] is not eligible for getting processed by all BeanPostProcessors (for example: not eligible for auto-proxying)
2017-09-14 09:57:52.958  INFO 15752 --- [main] trationDelegate$BeanPostProcessorChecker : Bean 'authorizationAttributeSourceAdvisor' of type [org.apache.shiro.spring.security.interceptor.AuthorizationAttributeSourceAdvisor] is not eligible for getting processed by all BeanPostProcessors (for example: not eligible for auto-proxying)
2017-09-14 09:57:53.240  INFO 15752 --- [main] s.b.c.e.t.TomcatEmbeddedServletContainer : Tomcat initialized with port(s): 8080 (http)
2017-09-14 09:57:53.255  INFO 15752 --- [main] o.apache.catalina.core.StandardService   : Starting service [Tomcat]
2017-09-14 09:57:53.255  INFO 15752 --- [main] org.apache.catalina.core.StandardEngine  : Starting Servlet Engine: Apache Tomcat/8.5.16
2017-09-14 09:57:53.396  INFO 15752 --- [localhost-startStop-1] o.a.c.c.C.[Tomcat].[localhost].[/]       : Initializing Spring embedded WebApplicationContext
2017-09-14 09:57:53.630  INFO 15752 --- [localhost-startStop-1] o.s.b.w.servlet.ServletRegistrationBean  : Mapping servlet: 'webServlet' to [/console/*]
2017-09-14 09:57:53.630  INFO 15752 --- [localhost-startStop-1] o.s.b.w.servlet.ServletRegistrationBean  : Mapping servlet: 'dispatcherServlet' to [/]
2017-09-14 09:57:53.646  INFO 15752 --- [localhost-startStop-1] o.s.b.w.servlet.FilterRegistrationBean   : Mapping filter: 'characterEncodingFilter' to: [/*]
2017-09-14 09:57:53.646  INFO 15752 --- [localhost-startStop-1] o.s.b.w.servlet.FilterRegistrationBean   : Mapping filter: 'hiddenHttpMethodFilter' to: [/*]
2017-09-14 09:57:53.646  INFO 15752 --- [localhost-startStop-1] o.s.b.w.servlet.FilterRegistrationBean   : Mapping filter: 'httpPutFormContentFilter' to: [/*]
2017-09-14 09:57:53.646  INFO 15752 --- [localhost-startStop-1] o.s.b.w.servlet.FilterRegistrationBean   : Mapping filter: 'requestContextFilter' to: [/*]
2017-09-14 09:57:53.646  INFO 15752 --- [localhost-startStop-1] o.s.b.w.servlet.FilterRegistrationBean   : Mapping filter: 'shirFilter' to: [/*]
2017-09-14 09:57:54.662  WARN 15752 --- [main] org.thymeleaf.templatemode.TemplateMode  : [THYMELEAF][main] Template Mode 'HTML5' is deprecated. Using Template Mode 'HTML' instead.
2017-09-14 09:57:55.130  INFO 15752 --- [main] o.s.j.e.a.AnnotationMBeanExporter        : Registering beans for JMX exposure on startup
2017-09-14 09:57:55.192  INFO 15752 --- [main] t.s.s.bootstrap.SpringJpaBootstrap       : Saved Shirt - id: 1
2017-09-14 09:57:55.194  INFO 15752 --- [main] t.s.s.bootstrap.SpringJpaBootstrap       : Saved Mug - id:2
2017-09-14 09:57:55.213  INFO 15752 --- [main] t.s.s.bootstrap.SpringJpaBootstrap       : Saved roleuser
2017-09-14 09:57:55.215  INFO 15752 --- [main] t.s.s.bootstrap.SpringJpaBootstrap       : Saved roleadmin
2017-09-14 09:57:55.216  INFO 15752 --- [main] t.s.s.bootstrap.SpringJpaBootstrap       : Saved permissionuser
2017-09-14 09:57:55.219  INFO 15752 --- [main] t.s.s.bootstrap.SpringJpaBootstrap       : Saved permissionadmin
2017-09-14 09:57:55.333  INFO 15752 --- [main] s.b.c.e.t.TomcatEmbeddedServletContainer : Tomcat started on port(s): 8080 (http)
2017-09-14 09:57:55.333  INFO 15752 --- [main] t.s.SpringBootWebappApplication          : Started SpringBootWebappApplication in 5.347 seconds (JVM running for 6.16)
2017-09-14 09:58:51.415  INFO 9016 --- [main] t.s.SpringBootWebappApplication          : Starting SpringBootWebappApplication on DESKTOP-BRP9O7H with PID 9016 (C:\Users\tom\IdeaProjects\SpringBootWebApp\target\classes started by tom in C:\Users\tom\IdeaProjects\SpringBootWebApp)
2017-09-14 09:58:51.415  INFO 9016 --- [main] t.s.SpringBootWebappApplication          : The following profiles are active: springdatajpa
2017-09-14 09:58:51.510  INFO 9016 --- [main] ationConfigEmbeddedWebApplicationContext : Refreshing org.springframework.boot.context.embedded.AnnotationConfigEmbeddedWebApplicationContext@13d73f29: startup date [Thu Sep 14 09:58:51 CST 2017]; root of context hierarchy
2017-09-14 09:58:52.552  INFO 9016 --- [main] trationDelegate$BeanPostProcessorChecker : Bean 'org.springframework.transaction.annotation.ProxyTransactionManagementConfiguration' of type [org.springframework.transaction.annotation.ProxyTransactionManagementConfiguration$$EnhancerBySpringCGLIB$$d981732d] is not eligible for getting processed by all BeanPostProcessors (for example: not eligible for auto-proxying)
2017-09-14 09:58:52.584  INFO 9016 --- [main] trationDelegate$BeanPostProcessorChecker : Bean 'shiroConfig' of type [tom.springboot.springbootwebapp.configrations.ShiroConfig$$EnhancerBySpringCGLIB$$fc88a876] is not eligible for getting processed by all BeanPostProcessors (for example: not eligible for auto-proxying)
2017-09-14 09:58:52.900  INFO 9016 --- [main] trationDelegate$BeanPostProcessorChecker : Bean '(inner bean)#62573c86' of type [org.springframework.beans.factory.config.PropertiesFactoryBean] is not eligible for getting processed by all BeanPostProcessors (for example: not eligible for auto-proxying)
2017-09-14 09:58:52.900  INFO 9016 --- [main] trationDelegate$BeanPostProcessorChecker : Bean '(inner bean)#62573c86' of type [java.util.Properties] is not eligible for getting processed by all BeanPostProcessors (for example: not eligible for auto-proxying)
2017-09-14 09:58:52.900  INFO 9016 --- [main] trationDelegate$BeanPostProcessorChecker : Bean '(inner bean)#2b22a1cc' of type [org.springframework.data.repository.core.support.PropertiesBasedNamedQueries] is not eligible for getting processed by all BeanPostProcessors (for example: not eligible for auto-proxying)
2017-09-14 09:58:52.900  INFO 9016 --- [main] trationDelegate$BeanPostProcessorChecker : Bean '(inner bean)#e8e0dec' of type [org.springframework.data.repository.query.ExtensionAwareEvaluationContextProvider] is not eligible for getting processed by all BeanPostProcessors (for example: not eligible for auto-proxying)
2017-09-14 09:58:52.916  INFO 9016 --- [main] trationDelegate$BeanPostProcessorChecker : Bean 'org.springframework.boot.autoconfigure.jdbc.DataSourceConfiguration$Tomcat' of type [org.springframework.boot.autoconfigure.jdbc.DataSourceConfiguration$Tomcat] is not eligible for getting processed by all BeanPostProcessors (for example: not eligible for auto-proxying)
2017-09-14 09:58:52.931  INFO 9016 --- [main] trationDelegate$BeanPostProcessorChecker : Bean 'spring.datasource-org.springframework.boot.autoconfigure.jdbc.DataSourceProperties' of type [org.springframework.boot.autoconfigure.jdbc.DataSourceProperties] is not eligible for getting processed by all BeanPostProcessors (for example: not eligible for auto-proxying)
2017-09-14 09:58:53.025  INFO 9016 --- [main] trationDelegate$BeanPostProcessorChecker : Bean 'dataSource' of type [org.apache.tomcat.jdbc.pool.DataSource] is not eligible for getting processed by all BeanPostProcessors (for example: not eligible for auto-proxying)
2017-09-14 09:58:53.025  INFO 9016 --- [main] trationDelegate$BeanPostProcessorChecker : Bean 'org.springframework.boot.autoconfigure.jdbc.DataSourceAutoConfiguration' of type [org.springframework.boot.autoconfigure.jdbc.DataSourceAutoConfiguration$$EnhancerBySpringCGLIB$$bb75168d] is not eligible for getting processed by all BeanPostProcessors (for example: not eligible for auto-proxying)
2017-09-14 09:58:53.041  INFO 9016 --- [main] trationDelegate$BeanPostProcessorChecker : Bean 'dataSourceInitializer' of type [org.springframework.boot.autoconfigure.jdbc.DataSourceInitializer] is not eligible for getting processed by all BeanPostProcessors (for example: not eligible for auto-proxying)
2017-09-14 09:58:53.041  INFO 9016 --- [main] trationDelegate$BeanPostProcessorChecker : Bean 'spring.jpa-org.springframework.boot.autoconfigure.orm.jpa.JpaProperties' of type [org.springframework.boot.autoconfigure.orm.jpa.JpaProperties] is not eligible for getting processed by all BeanPostProcessors (for example: not eligible for auto-proxying)
2017-09-14 09:58:53.056  INFO 9016 --- [main] trationDelegate$BeanPostProcessorChecker : Bean 'org.springframework.boot.autoconfigure.transaction.TransactionAutoConfiguration' of type [org.springframework.boot.autoconfigure.transaction.TransactionAutoConfiguration$$EnhancerBySpringCGLIB$$6df56e37] is not eligible for getting processed by all BeanPostProcessors (for example: not eligible for auto-proxying)
2017-09-14 09:58:53.056  INFO 9016 --- [main] trationDelegate$BeanPostProcessorChecker : Bean 'spring.transaction-org.springframework.boot.autoconfigure.transaction.TransactionProperties' of type [org.springframework.boot.autoconfigure.transaction.TransactionProperties] is not eligible for getting processed by all BeanPostProcessors (for example: not eligible for auto-proxying)
2017-09-14 09:58:53.072  INFO 9016 --- [main] trationDelegate$BeanPostProcessorChecker : Bean 'platformTransactionManagerCustomizers' of type [org.springframework.boot.autoconfigure.transaction.TransactionManagerCustomizers] is not eligible for getting processed by all BeanPostProcessors (for example: not eligible for auto-proxying)
2017-09-14 09:58:53.072  INFO 9016 --- [main] trationDelegate$BeanPostProcessorChecker : Bean 'org.springframework.boot.autoconfigure.orm.jpa.HibernateJpaAutoConfiguration' of type [org.springframework.boot.autoconfigure.orm.jpa.HibernateJpaAutoConfiguration$$EnhancerBySpringCGLIB$$4307d74d] is not eligible for getting processed by all BeanPostProcessors (for example: not eligible for auto-proxying)
2017-09-14 09:58:53.181  INFO 9016 --- [main] trationDelegate$BeanPostProcessorChecker : Bean 'jpaVendorAdapter' of type [org.springframework.orm.jpa.vendor.HibernateJpaVendorAdapter] is not eligible for getting processed by all BeanPostProcessors (for example: not eligible for auto-proxying)
2017-09-14 09:58:53.181  INFO 9016 --- [main] trationDelegate$BeanPostProcessorChecker : Bean 'entityManagerFactoryBuilder' of type [org.springframework.boot.orm.jpa.EntityManagerFactoryBuilder] is not eligible for getting processed by all BeanPostProcessors (for example: not eligible for auto-proxying)
2017-09-14 09:58:53.231  INFO 9016 --- [main] j.LocalContainerEntityManagerFactoryBean : Building JPA container EntityManagerFactory for persistence unit 'default'
2017-09-14 09:58:53.978  INFO 9016 --- [main] j.LocalContainerEntityManagerFactoryBean : Initialized JPA EntityManagerFactory for persistence unit 'default'
2017-09-14 09:58:53.978  INFO 9016 --- [main] trationDelegate$BeanPostProcessorChecker : Bean 'entityManagerFactory' of type [org.springframework.orm.jpa.LocalContainerEntityManagerFactoryBean] is not eligible for getting processed by all BeanPostProcessors (for example: not eligible for auto-proxying)
2017-09-14 09:58:53.978  INFO 9016 --- [main] trationDelegate$BeanPostProcessorChecker : Bean 'entityManagerFactory' of type [com.sun.proxy.$Proxy75] is not eligible for getting processed by all BeanPostProcessors (for example: not eligible for auto-proxying)
2017-09-14 09:58:53.994  INFO 9016 --- [main] trationDelegate$BeanPostProcessorChecker : Bean '(inner bean)#3ee69ad8' of type [com.sun.proxy.$Proxy77] is not eligible for getting processed by all BeanPostProcessors (for example: not eligible for auto-proxying)
2017-09-14 09:58:54.041  INFO 9016 --- [main] trationDelegate$BeanPostProcessorChecker : Bean 'jpaMappingContext' of type [org.springframework.data.jpa.repository.config.JpaMetamodelMappingContextFactoryBean] is not eligible for getting processed by all BeanPostProcessors (for example: not eligible for auto-proxying)
2017-09-14 09:58:54.041  INFO 9016 --- [main] trationDelegate$BeanPostProcessorChecker : Bean 'jpaMappingContext' of type [org.springframework.data.jpa.mapping.JpaMetamodelMappingContext] is not eligible for getting processed by all BeanPostProcessors (for example: not eligible for auto-proxying)
2017-09-14 09:58:54.103  INFO 9016 --- [main] trationDelegate$BeanPostProcessorChecker : Bean 'roleRepository' of type [org.springframework.data.jpa.repository.support.JpaRepositoryFactoryBean] is not eligible for getting processed by all BeanPostProcessors (for example: not eligible for auto-proxying)
2017-09-14 09:58:54.103  INFO 9016 --- [main] trationDelegate$BeanPostProcessorChecker : Bean 'roleRepository' of type [com.sun.proxy.$Proxy79] is not eligible for getting processed by all BeanPostProcessors (for example: not eligible for auto-proxying)
2017-09-14 09:58:54.119  INFO 9016 --- [main] trationDelegate$BeanPostProcessorChecker : Bean 'roleServiceImpl' of type [tom.springboot.springbootwebapp.services.RoleServiceImpl] is not eligible for getting processed by all BeanPostProcessors (for example: not eligible for auto-proxying)
2017-09-14 09:58:54.119  INFO 9016 --- [main] trationDelegate$BeanPostProcessorChecker : Bean '(inner bean)#5d37aa0f' of type [org.springframework.beans.factory.config.PropertiesFactoryBean] is not eligible for getting processed by all BeanPostProcessors (for example: not eligible for auto-proxying)
2017-09-14 09:58:54.119  INFO 9016 --- [main] trationDelegate$BeanPostProcessorChecker : Bean '(inner bean)#5d37aa0f' of type [java.util.Properties] is not eligible for getting processed by all BeanPostProcessors (for example: not eligible for auto-proxying)
2017-09-14 09:58:54.119  INFO 9016 --- [main] trationDelegate$BeanPostProcessorChecker : Bean '(inner bean)#65d7eea4' of type [org.springframework.data.repository.core.support.PropertiesBasedNamedQueries] is not eligible for getting processed by all BeanPostProcessors (for example: not eligible for auto-proxying)
2017-09-14 09:58:54.119  INFO 9016 --- [main] trationDelegate$BeanPostProcessorChecker : Bean '(inner bean)#72a3462f' of type [org.springframework.data.repository.query.ExtensionAwareEvaluationContextProvider] is not eligible for getting processed by all BeanPostProcessors (for example: not eligible for auto-proxying)
2017-09-14 09:58:54.119  INFO 9016 --- [main] trationDelegate$BeanPostProcessorChecker : Bean '(inner bean)#632c3f55' of type [com.sun.proxy.$Proxy77] is not eligible for getting processed by all BeanPostProcessors (for example: not eligible for auto-proxying)
2017-09-14 09:58:54.213  INFO 9016 --- [main] trationDelegate$BeanPostProcessorChecker : Bean 'userRepository' of type [org.springframework.data.jpa.repository.support.JpaRepositoryFactoryBean] is not eligible for getting processed by all BeanPostProcessors (for example: not eligible for auto-proxying)
2017-09-14 09:58:54.213  INFO 9016 --- [main] trationDelegate$BeanPostProcessorChecker : Bean 'userRepository' of type [com.sun.proxy.$Proxy84] is not eligible for getting processed by all BeanPostProcessors (for example: not eligible for auto-proxying)
2017-09-14 09:58:54.213  INFO 9016 --- [main] trationDelegate$BeanPostProcessorChecker : Bean 'userServiceImpl' of type [tom.springboot.springbootwebapp.services.UserServiceImpl] is not eligible for getting processed by all BeanPostProcessors (for example: not eligible for auto-proxying)
2017-09-14 09:58:54.244  INFO 9016 --- [main] trationDelegate$BeanPostProcessorChecker : Bean 'myShiroRealm' of type [tom.springboot.springbootwebapp.configrations.MyShiroRealm] is not eligible for getting processed by all BeanPostProcessors (for example: not eligible for auto-proxying)
2017-09-14 09:58:54.260  INFO 9016 --- [main] trationDelegate$BeanPostProcessorChecker : Bean 'securityManager' of type [org.apache.shiro.web.mgt.DefaultWebSecurityManager] is not eligible for getting processed by all BeanPostProcessors (for example: not eligible for auto-proxying)
2017-09-14 09:58:54.275  INFO 9016 --- [main] trationDelegate$BeanPostProcessorChecker : Bean 'authorizationAttributeSourceAdvisor' of type [org.apache.shiro.spring.security.interceptor.AuthorizationAttributeSourceAdvisor] is not eligible for getting processed by all BeanPostProcessors (for example: not eligible for auto-proxying)
2017-09-14 09:58:54.537  INFO 9016 --- [main] s.b.c.e.t.TomcatEmbeddedServletContainer : Tomcat initialized with port(s): 8080 (http)
2017-09-14 09:58:54.552  INFO 9016 --- [main] o.apache.catalina.core.StandardService   : Starting service [Tomcat]
2017-09-14 09:58:54.552  INFO 9016 --- [main] org.apache.catalina.core.StandardEngine  : Starting Servlet Engine: Apache Tomcat/8.5.16
2017-09-14 09:58:54.662  INFO 9016 --- [localhost-startStop-1] o.a.c.c.C.[Tomcat].[localhost].[/]       : Initializing Spring embedded WebApplicationContext
2017-09-14 09:58:54.916  INFO 9016 --- [localhost-startStop-1] o.s.b.w.servlet.ServletRegistrationBean  : Mapping servlet: 'webServlet' to [/console/*]
2017-09-14 09:58:54.916  INFO 9016 --- [localhost-startStop-1] o.s.b.w.servlet.ServletRegistrationBean  : Mapping servlet: 'dispatcherServlet' to [/]
2017-09-14 09:58:54.916  INFO 9016 --- [localhost-startStop-1] o.s.b.w.servlet.FilterRegistrationBean   : Mapping filter: 'characterEncodingFilter' to: [/*]
2017-09-14 09:58:54.916  INFO 9016 --- [localhost-startStop-1] o.s.b.w.servlet.FilterRegistrationBean   : Mapping filter: 'hiddenHttpMethodFilter' to: [/*]
2017-09-14 09:58:54.916  INFO 9016 --- [localhost-startStop-1] o.s.b.w.servlet.FilterRegistrationBean   : Mapping filter: 'httpPutFormContentFilter' to: [/*]
2017-09-14 09:58:54.916  INFO 9016 --- [localhost-startStop-1] o.s.b.w.servlet.FilterRegistrationBean   : Mapping filter: 'requestContextFilter' to: [/*]
2017-09-14 09:58:54.916  INFO 9016 --- [localhost-startStop-1] o.s.b.w.servlet.FilterRegistrationBean   : Mapping filter: 'shirFilter' to: [/*]
2017-09-14 09:58:55.900  WARN 9016 --- [main] org.thymeleaf.templatemode.TemplateMode  : [THYMELEAF][main] Template Mode 'HTML5' is deprecated. Using Template Mode 'HTML' instead.
2017-09-14 09:58:56.385  INFO 9016 --- [main] o.s.j.e.a.AnnotationMBeanExporter        : Registering beans for JMX exposure on startup
2017-09-14 09:58:56.584  INFO 9016 --- [main] s.b.c.e.t.TomcatEmbeddedServletContainer : Tomcat started on port(s): 8080 (http)
2017-09-14 09:58:56.599  INFO 9016 --- [main] t.s.SpringBootWebappApplication          : Started SpringBootWebappApplication in 5.575 seconds (JVM running for 6.336)
2017-09-14 09:59:13.265  INFO 12956 --- [main] t.s.SpringBootWebappApplication          : Starting SpringBootWebappApplication on DESKTOP-BRP9O7H with PID 12956 (C:\Users\tom\IdeaProjects\SpringBootWebApp\target\classes started by tom in C:\Users\tom\IdeaProjects\SpringBootWebApp)
2017-09-14 09:59:13.265  INFO 12956 --- [main] t.s.SpringBootWebappApplication          : The following profiles are active: springdatajpa
2017-09-14 09:59:13.327  INFO 12956 --- [main] ationConfigEmbeddedWebApplicationContext : Refreshing org.springframework.boot.context.embedded.AnnotationConfigEmbeddedWebApplicationContext@13d73f29: startup date [Thu Sep 14 09:59:13 CST 2017]; root of context hierarchy
2017-09-14 09:59:14.381  INFO 12956 --- [main] trationDelegate$BeanPostProcessorChecker : Bean 'org.springframework.transaction.annotation.ProxyTransactionManagementConfiguration' of type [org.springframework.transaction.annotation.ProxyTransactionManagementConfiguration$$EnhancerBySpringCGLIB$$d50bbbda] is not eligible for getting processed by all BeanPostProcessors (for example: not eligible for auto-proxying)
2017-09-14 09:59:14.412  INFO 12956 --- [main] trationDelegate$BeanPostProcessorChecker : Bean 'shiroConfig' of type [tom.springboot.springbootwebapp.configrations.ShiroConfig$$EnhancerBySpringCGLIB$$f812f123] is not eligible for getting processed by all BeanPostProcessors (for example: not eligible for auto-proxying)
2017-09-14 09:59:14.724  INFO 12956 --- [main] trationDelegate$BeanPostProcessorChecker : Bean '(inner bean)#2d82408' of type [org.springframework.beans.factory.config.PropertiesFactoryBean] is not eligible for getting processed by all BeanPostProcessors (for example: not eligible for auto-proxying)
2017-09-14 09:59:14.724  INFO 12956 --- [main] trationDelegate$BeanPostProcessorChecker : Bean '(inner bean)#2d82408' of type [java.util.Properties] is not eligible for getting processed by all BeanPostProcessors (for example: not eligible for auto-proxying)
2017-09-14 09:59:14.740  INFO 12956 --- [main] trationDelegate$BeanPostProcessorChecker : Bean '(inner bean)#3ce53f6a' of type [org.springframework.data.repository.core.support.PropertiesBasedNamedQueries] is not eligible for getting processed by all BeanPostProcessors (for example: not eligible for auto-proxying)
2017-09-14 09:59:14.740  INFO 12956 --- [main] trationDelegate$BeanPostProcessorChecker : Bean '(inner bean)#7fd8c559' of type [org.springframework.data.repository.query.ExtensionAwareEvaluationContextProvider] is not eligible for getting processed by all BeanPostProcessors (for example: not eligible for auto-proxying)
2017-09-14 09:59:14.740  INFO 12956 --- [main] trationDelegate$BeanPostProcessorChecker : Bean 'org.springframework.boot.autoconfigure.jdbc.DataSourceConfiguration$Tomcat' of type [org.springframework.boot.autoconfigure.jdbc.DataSourceConfiguration$Tomcat] is not eligible for getting processed by all BeanPostProcessors (for example: not eligible for auto-proxying)
2017-09-14 09:59:14.756  INFO 12956 --- [main] trationDelegate$BeanPostProcessorChecker : Bean 'spring.datasource-org.springframework.boot.autoconfigure.jdbc.DataSourceProperties' of type [org.springframework.boot.autoconfigure.jdbc.DataSourceProperties] is not eligible for getting processed by all BeanPostProcessors (for example: not eligible for auto-proxying)
2017-09-14 09:59:14.865  INFO 12956 --- [main] trationDelegate$BeanPostProcessorChecker : Bean 'dataSource' of type [org.apache.tomcat.jdbc.pool.DataSource] is not eligible for getting processed by all BeanPostProcessors (for example: not eligible for auto-proxying)
2017-09-14 09:59:14.865  INFO 12956 --- [main] trationDelegate$BeanPostProcessorChecker : Bean 'org.springframework.boot.autoconfigure.jdbc.DataSourceAutoConfiguration' of type [org.springframework.boot.autoconfigure.jdbc.DataSourceAutoConfiguration$$EnhancerBySpringCGLIB$$b6ff5f3a] is not eligible for getting processed by all BeanPostProcessors (for example: not eligible for auto-proxying)
2017-09-14 09:59:14.881  INFO 12956 --- [main] trationDelegate$BeanPostProcessorChecker : Bean 'dataSourceInitializer' of type [org.springframework.boot.autoconfigure.jdbc.DataSourceInitializer] is not eligible for getting processed by all BeanPostProcessors (for example: not eligible for auto-proxying)
2017-09-14 09:59:14.881  INFO 12956 --- [main] trationDelegate$BeanPostProcessorChecker : Bean 'spring.jpa-org.springframework.boot.autoconfigure.orm.jpa.JpaProperties' of type [org.springframework.boot.autoconfigure.orm.jpa.JpaProperties] is not eligible for getting processed by all BeanPostProcessors (for example: not eligible for auto-proxying)
2017-09-14 09:59:14.881  INFO 12956 --- [main] trationDelegate$BeanPostProcessorChecker : Bean 'org.springframework.boot.autoconfigure.transaction.TransactionAutoConfiguration' of type [org.springframework.boot.autoconfigure.transaction.TransactionAutoConfiguration$$EnhancerBySpringCGLIB$$697fb6e4] is not eligible for getting processed by all BeanPostProcessors (for example: not eligible for auto-proxying)
2017-09-14 09:59:14.896  INFO 12956 --- [main] trationDelegate$BeanPostProcessorChecker : Bean 'spring.transaction-org.springframework.boot.autoconfigure.transaction.TransactionProperties' of type [org.springframework.boot.autoconfigure.transaction.TransactionProperties] is not eligible for getting processed by all BeanPostProcessors (for example: not eligible for auto-proxying)
2017-09-14 09:59:14.896  INFO 12956 --- [main] trationDelegate$BeanPostProcessorChecker : Bean 'platformTransactionManagerCustomizers' of type [org.springframework.boot.autoconfigure.transaction.TransactionManagerCustomizers] is not eligible for getting processed by all BeanPostProcessors (for example: not eligible for auto-proxying)
2017-09-14 09:59:14.912  INFO 12956 --- [main] trationDelegate$BeanPostProcessorChecker : Bean 'org.springframework.boot.autoconfigure.orm.jpa.HibernateJpaAutoConfiguration' of type [org.springframework.boot.autoconfigure.orm.jpa.HibernateJpaAutoConfiguration$$EnhancerBySpringCGLIB$$3e921ffa] is not eligible for getting processed by all BeanPostProcessors (for example: not eligible for auto-proxying)
2017-09-14 09:59:15.006  INFO 12956 --- [main] trationDelegate$BeanPostProcessorChecker : Bean 'jpaVendorAdapter' of type [org.springframework.orm.jpa.vendor.HibernateJpaVendorAdapter] is not eligible for getting processed by all BeanPostProcessors (for example: not eligible for auto-proxying)
2017-09-14 09:59:15.021  INFO 12956 --- [main] trationDelegate$BeanPostProcessorChecker : Bean 'entityManagerFactoryBuilder' of type [org.springframework.boot.orm.jpa.EntityManagerFactoryBuilder] is not eligible for getting processed by all BeanPostProcessors (for example: not eligible for auto-proxying)
2017-09-14 09:59:15.053  INFO 12956 --- [main] j.LocalContainerEntityManagerFactoryBean : Building JPA container EntityManagerFactory for persistence unit 'default'
2017-09-14 09:59:15.756  INFO 12956 --- [main] j.LocalContainerEntityManagerFactoryBean : Initialized JPA EntityManagerFactory for persistence unit 'default'
2017-09-14 09:59:15.756  INFO 12956 --- [main] trationDelegate$BeanPostProcessorChecker : Bean 'entityManagerFactory' of type [org.springframework.orm.jpa.LocalContainerEntityManagerFactoryBean] is not eligible for getting processed by all BeanPostProcessors (for example: not eligible for auto-proxying)
2017-09-14 09:59:15.771  INFO 12956 --- [main] trationDelegate$BeanPostProcessorChecker : Bean 'entityManagerFactory' of type [com.sun.proxy.$Proxy76] is not eligible for getting processed by all BeanPostProcessors (for example: not eligible for auto-proxying)
2017-09-14 09:59:15.771  INFO 12956 --- [main] trationDelegate$BeanPostProcessorChecker : Bean '(inner bean)#6631cb64' of type [com.sun.proxy.$Proxy78] is not eligible for getting processed by all BeanPostProcessors (for example: not eligible for auto-proxying)
2017-09-14 09:59:15.818  INFO 12956 --- [main] trationDelegate$BeanPostProcessorChecker : Bean 'jpaMappingContext' of type [org.springframework.data.jpa.repository.config.JpaMetamodelMappingContextFactoryBean] is not eligible for getting processed by all BeanPostProcessors (for example: not eligible for auto-proxying)
2017-09-14 09:59:15.818  INFO 12956 --- [main] trationDelegate$BeanPostProcessorChecker : Bean 'jpaMappingContext' of type [org.springframework.data.jpa.mapping.JpaMetamodelMappingContext] is not eligible for getting processed by all BeanPostProcessors (for example: not eligible for auto-proxying)
2017-09-14 09:59:15.991  INFO 12956 --- [main] trationDelegate$BeanPostProcessorChecker : Bean 'userRepository' of type [org.springframework.data.jpa.repository.support.JpaRepositoryFactoryBean] is not eligible for getting processed by all BeanPostProcessors (for example: not eligible for auto-proxying)
2017-09-14 09:59:15.991  INFO 12956 --- [main] trationDelegate$BeanPostProcessorChecker : Bean 'userRepository' of type [com.sun.proxy.$Proxy81] is not eligible for getting processed by all BeanPostProcessors (for example: not eligible for auto-proxying)
2017-09-14 09:59:15.991  INFO 12956 --- [main] trationDelegate$BeanPostProcessorChecker : Bean 'userServiceImpl' of type [tom.springboot.springbootwebapp.services.UserServiceImpl] is not eligible for getting processed by all BeanPostProcessors (for example: not eligible for auto-proxying)
2017-09-14 09:59:16.007  INFO 12956 --- [main] trationDelegate$BeanPostProcessorChecker : Bean '(inner bean)#2ee456c7' of type [org.springframework.beans.factory.config.PropertiesFactoryBean] is not eligible for getting processed by all BeanPostProcessors (for example: not eligible for auto-proxying)
2017-09-14 09:59:16.007  INFO 12956 --- [main] trationDelegate$BeanPostProcessorChecker : Bean '(inner bean)#2ee456c7' of type [java.util.Properties] is not eligible for getting processed by all BeanPostProcessors (for example: not eligible for auto-proxying)
2017-09-14 09:59:16.022  INFO 12956 --- [main] trationDelegate$BeanPostProcessorChecker : Bean '(inner bean)#60844992' of type [org.springframework.data.repository.core.support.PropertiesBasedNamedQueries] is not eligible for getting processed by all BeanPostProcessors (for example: not eligible for auto-proxying)
2017-09-14 09:59:16.022  INFO 12956 --- [main] trationDelegate$BeanPostProcessorChecker : Bean '(inner bean)#77856cc5' of type [org.springframework.data.repository.query.ExtensionAwareEvaluationContextProvider] is not eligible for getting processed by all BeanPostProcessors (for example: not eligible for auto-proxying)
2017-09-14 09:59:16.022  INFO 12956 --- [main] trationDelegate$BeanPostProcessorChecker : Bean '(inner bean)#32d22650' of type [com.sun.proxy.$Proxy78] is not eligible for getting processed by all BeanPostProcessors (for example: not eligible for auto-proxying)
2017-09-14 09:59:16.022  INFO 12956 --- [main] trationDelegate$BeanPostProcessorChecker : Bean 'roleRepository' of type [org.springframework.data.jpa.repository.support.JpaRepositoryFactoryBean] is not eligible for getting processed by all BeanPostProcessors (for example: not eligible for auto-proxying)
2017-09-14 09:59:16.022  INFO 12956 --- [main] trationDelegate$BeanPostProcessorChecker : Bean 'roleRepository' of type [com.sun.proxy.$Proxy84] is not eligible for getting processed by all BeanPostProcessors (for example: not eligible for auto-proxying)
2017-09-14 09:59:16.022  INFO 12956 --- [main] trationDelegate$BeanPostProcessorChecker : Bean 'roleServiceImpl' of type [tom.springboot.springbootwebapp.services.RoleServiceImpl] is not eligible for getting processed by all BeanPostProcessors (for example: not eligible for auto-proxying)
2017-09-14 09:59:16.022  INFO 12956 --- [main] trationDelegate$BeanPostProcessorChecker : Bean 'myShiroRealm' of type [tom.springboot.springbootwebapp.configrations.MyShiroRealm] is not eligible for getting processed by all BeanPostProcessors (for example: not eligible for auto-proxying)
2017-09-14 09:59:16.038  INFO 12956 --- [main] trationDelegate$BeanPostProcessorChecker : Bean 'securityManager' of type [org.apache.shiro.web.mgt.DefaultWebSecurityManager] is not eligible for getting processed by all BeanPostProcessors (for example: not eligible for auto-proxying)
2017-09-14 09:59:16.053  INFO 12956 --- [main] trationDelegate$BeanPostProcessorChecker : Bean 'authorizationAttributeSourceAdvisor' of type [org.apache.shiro.spring.security.interceptor.AuthorizationAttributeSourceAdvisor] is not eligible for getting processed by all BeanPostProcessors (for example: not eligible for auto-proxying)
2017-09-14 09:59:16.319  INFO 12956 --- [main] s.b.c.e.t.TomcatEmbeddedServletContainer : Tomcat initialized with port(s): 8080 (http)
2017-09-14 09:59:16.319  INFO 12956 --- [main] o.apache.catalina.core.StandardService   : Starting service [Tomcat]
2017-09-14 09:59:16.319  INFO 12956 --- [main] org.apache.catalina.core.StandardEngine  : Starting Servlet Engine: Apache Tomcat/8.5.16
2017-09-14 09:59:16.451  INFO 12956 --- [localhost-startStop-1] o.a.c.c.C.[Tomcat].[localhost].[/]       : Initializing Spring embedded WebApplicationContext
2017-09-14 09:59:16.678  INFO 12956 --- [localhost-startStop-1] o.s.b.w.servlet.ServletRegistrationBean  : Mapping servlet: 'webServlet' to [/console/*]
2017-09-14 09:59:16.678  INFO 12956 --- [localhost-startStop-1] o.s.b.w.servlet.ServletRegistrationBean  : Mapping servlet: 'dispatcherServlet' to [/]
2017-09-14 09:59:16.693  INFO 12956 --- [localhost-startStop-1] o.s.b.w.servlet.FilterRegistrationBean   : Mapping filter: 'characterEncodingFilter' to: [/*]
2017-09-14 09:59:16.693  INFO 12956 --- [localhost-startStop-1] o.s.b.w.servlet.FilterRegistrationBean   : Mapping filter: 'hiddenHttpMethodFilter' to: [/*]
2017-09-14 09:59:16.693  INFO 12956 --- [localhost-startStop-1] o.s.b.w.servlet.FilterRegistrationBean   : Mapping filter: 'httpPutFormContentFilter' to: [/*]
2017-09-14 09:59:16.693  INFO 12956 --- [localhost-startStop-1] o.s.b.w.servlet.FilterRegistrationBean   : Mapping filter: 'requestContextFilter' to: [/*]
2017-09-14 09:59:16.693  INFO 12956 --- [localhost-startStop-1] o.s.b.w.servlet.FilterRegistrationBean   : Mapping filter: 'shirFilter' to: [/*]
2017-09-14 09:59:17.725  WARN 12956 --- [main] org.thymeleaf.templatemode.TemplateMode  : [THYMELEAF][main] Template Mode 'HTML5' is deprecated. Using Template Mode 'HTML' instead.
2017-09-14 09:59:18.257  INFO 12956 --- [main] o.s.j.e.a.AnnotationMBeanExporter        : Registering beans for JMX exposure on startup
2017-09-14 09:59:18.319  INFO 12956 --- [main] t.s.s.bootstrap.SpringJpaBootstrap       : Saved Shirt - id: 1
2017-09-14 09:59:18.319  INFO 12956 --- [main] t.s.s.bootstrap.SpringJpaBootstrap       : Saved Mug - id:2
2017-09-14 09:59:18.335  INFO 12956 --- [main] t.s.s.bootstrap.SpringJpaBootstrap       : Saved roleuser
2017-09-14 09:59:18.335  INFO 12956 --- [main] t.s.s.bootstrap.SpringJpaBootstrap       : Saved roleadmin
2017-09-14 09:59:18.335  INFO 12956 --- [main] t.s.s.bootstrap.SpringJpaBootstrap       : Saved permissionuser
2017-09-14 09:59:18.335  INFO 12956 --- [main] t.s.s.bootstrap.SpringJpaBootstrap       : Saved permissionadmin
2017-09-14 09:59:18.474  INFO 12956 --- [main] s.b.c.e.t.TomcatEmbeddedServletContainer : Tomcat started on port(s): 8080 (http)
2017-09-14 09:59:18.474  INFO 12956 --- [main] t.s.SpringBootWebappApplication          : Started SpringBootWebappApplication in 5.522 seconds (JVM running for 6.352)
